<?xml version="1.0" encoding="UTF-8"?>
<!-- Generated by org.testng.reporters.JUnitXMLReporter -->
<testsuite hostname="Amandas-MacBook-Air.local" ignored="0" name="AlertsTests" tests="3" failures="0" timestamp="2022-12-30T14:01:54 CET" time="20.777" errors="0">
  <testcase name="jsAlertTest" time="3.72" classname="com.herokuapp.theinternet.alertstests.AlertsTests"/>
  <testcase name="jsDismissTest" time="4.445" classname="com.herokuapp.theinternet.alertstests.AlertsTests"/>
  <testcase name="jsPromptTest" time="5.712" classname="com.herokuapp.theinternet.alertstests.AlertsTests"/>
</testsuite> <!-- AlertsTests -->
