<?xml version="1.0" encoding="UTF-8"?>
<!-- Generated by org.testng.reporters.JUnitXMLReporter -->
<testsuite hostname="Amandas-MacBook-Air.local" ignored="0" name="UploadTests" tests="3" failures="0" timestamp="2022-12-30T14:02:06 CET" time="11.7" errors="0">
  <testcase name="fileUploadTest" time="1.503" classname="com.herokuapp.theinternet.uploadtests.UploadTests"/>
  <testcase name="fileUploadTest" time="1.827" classname="com.herokuapp.theinternet.uploadtests.UploadTests"/>
  <testcase name="fileUploadTest" time="1.571" classname="com.herokuapp.theinternet.uploadtests.UploadTests"/>
</testsuite> <!-- UploadTests -->
