<?xml version="1.0" encoding="UTF-8"?>
<!-- Generated by org.testng.reporters.JUnitXMLReporter -->
<testsuite hostname="Amandas-MacBook-Air.local" ignored="1" name="KeyPressesTests-FF" tests="1" failures="0" timestamp="2022-12-29T13:46:27 CET" time="3.345" errors="0">
  <testcase name="pressKeyWithActionsTest" time="1.191" classname="com.herokuapp.theinternet.keypressestests.KeyPressesTests"/>
  <testcase name="pressKeyTest" time="0.0" classname="com.herokuapp.theinternet.keypressestests.KeyPressesTests">
    <ignored/>
  </testcase> <!-- pressKeyTest -->
</testsuite> <!-- KeyPressesTests-FF -->
