<?xml version="1.0" encoding="UTF-8"?>
<!-- Generated by org.testng.reporters.JUnitXMLReporter -->
<testsuite hostname="Amandas-MacBook-Air.local" ignored="0" name="AlertsTests" tests="3" failures="0" timestamp="2022-12-28T16:37:52 CET" time="19.913" errors="0">
  <testcase name="jsAlertTest" time="3.679" classname="com.herokuapp.theinternet.alertstests.AlertsTests"/>
  <testcase name="jsDismissTest" time="3.597" classname="com.herokuapp.theinternet.alertstests.AlertsTests"/>
  <testcase name="jsPromptTest" time="4.588" classname="com.herokuapp.theinternet.alertstests.AlertsTests"/>
</testsuite> <!-- AlertsTests -->
