<?xml version="1.0" encoding="UTF-8"?>
<!-- Generated by org.testng.reporters.JUnitXMLReporter -->
<testsuite hostname="Amandas-MacBook-Air.local" ignored="0" name="AlertsTests" tests="3" failures="0" timestamp="2022-12-30T14:07:30 CET" time="20.769" errors="0">
  <testcase name="jsAlertTest" time="3.882" classname="com.herokuapp.theinternet.alertstests.AlertsTests"/>
  <testcase name="jsDismissTest" time="3.685" classname="com.herokuapp.theinternet.alertstests.AlertsTests"/>
  <testcase name="jsPromptTest" time="4.656" classname="com.herokuapp.theinternet.alertstests.AlertsTests"/>
</testsuite> <!-- AlertsTests -->
