<?xml version="1.0" encoding="UTF-8"?>
<!-- Generated by org.testng.reporters.JUnitXMLReporter -->
<testsuite hostname="Amandas-MacBook-Air.local" ignored="0" name="PositiveLogInTest" tests="1" failures="1" timestamp="2022-12-28T12:26:08 CET" time="8.646" errors="0">
  <testcase name="logInTest" time="2.587" classname="com.herokuapp.theinternet.loginpagetests.PositiveLogInTests">
    <failure type="java.lang.AssertionError" message="expected [http://the-internet.herokuapp.com/secure] but found [http://the-internet.herokuapp.com/login]">
      <![CDATA[java.lang.AssertionError: expected [http://the-internet.herokuapp.com/secure] but found [http://the-internet.herokuapp.com/login]
at com.herokuapp.theinternet.loginpagetests.PositiveLogInTests.logInTest(PositiveLogInTests.java:29)
at java.util.ArrayList.forEach(ArrayList.java:1257)
... Removed 33 stack frames]]>
    </failure>
  </testcase> <!-- logInTest -->
</testsuite> <!-- PositiveLogInTest -->
