<?xml version="1.0" encoding="UTF-8"?>
<!-- Generated by org.testng.reporters.JUnitXMLReporter -->
<testsuite hostname="Amandas-MacBook-Air.local" ignored="0" name="UploadTests" tests="3" failures="0" timestamp="2022-12-29T15:28:07 CET" time="16.828" errors="0">
  <testcase name="fileUploadTest" time="1.794" classname="com.herokuapp.theinternet.uploadtests.UploadTests"/>
  <testcase name="fileUploadTest" time="3.14" classname="com.herokuapp.theinternet.uploadtests.UploadTests"/>
  <testcase name="fileUploadTest" time="1.524" classname="com.herokuapp.theinternet.uploadtests.UploadTests"/>
</testsuite> <!-- UploadTests -->
